#
# A fatal error has been detected by the Java Runtime Environment:
#
#  EXCEPTION_ACCESS_VIOLATION (0xc0000005) at pc=0x00007ffbbb00001a, pid=1304, tid=5816
#
# JRE version: OpenJDK Runtime Environment (11.0.10) (build 11.0.10+0-b96-7249189)
# Java VM: OpenJDK 64-Bit Server VM (11.0.10+0-b96-7249189, mixed mode, tiered, compressed oops, g1 gc, windows-amd64)
# Problematic frame:
# V  [jvm.dll+0x64001a]
#
# No core dump will be written. Minidumps are not enabled by default on client versions of Windows
#
# If you would like to submit a bug report, please visit:
#   https://bugreport.java.com/bugreport/crash.jsp
#

---------------  S U M M A R Y ------------

Command Line: --add-opens=java.base/java.util=ALL-UNNAMED --add-opens=java.base/java.lang=ALL-UNNAMED --add-opens=java.base/java.lang.invoke=ALL-UNNAMED --add-opens=java.base/java.util=ALL-UNNAMED --add-opens=java.prefs/java.util.prefs=ALL-UNNAMED --add-opens=java.prefs/java.util.prefs=ALL-UNNAMED --add-opens=java.base/java.nio.charset=ALL-UNNAMED --add-opens=java.base/java.net=ALL-UNNAMED --add-opens=java.base/java.util.concurrent.atomic=ALL-UNNAMED -Xmx2048m -Dfile.encoding=UTF-8 -Duser.country=RU -Duser.language=ru -Duser.variant org.gradle.launcher.daemon.bootstrap.GradleDaemon 7.0.2

Host: Intel(R) Core(TM) i5-7300HQ CPU @ 2.50GHz, 4 cores, 9G,  Windows 10 , 64 bit Build 19041 (10.0.19041.1348)
Time: Sat Feb  5 12:58:27 2022 RTZ 4 (зима) elapsed time: 17.489679 seconds (0d 0h 0m 17s)

---------------  T H R E A D  ---------------

Current thread (0x000001c122ad3000):  JavaThread "C2 CompilerThread0" daemon [_thread_in_native, id=5816, stack(0x0000002348300000,0x0000002348400000)]


Current CompileTask:
C2:  17489 9393       4       org.gradle.internal.instantiation.generator.AbstractClassGenerator::inspectType (560 bytes)

Stack: [0x0000002348300000,0x0000002348400000],  sp=0x00000023483fbb70,  free space=1006k
Native frames: (J=compiled Java code, j=interpreted, Vv=VM code, C=native code)
V  [jvm.dll+0x64001a]
V  [jvm.dll+0x197f00]
V  [jvm.dll+0x1fb70e]
V  [jvm.dll+0x1fa7f4]
V  [jvm.dll+0x18354c]
V  [jvm.dll+0x208ee7]
V  [jvm.dll+0x207731]
V  [jvm.dll+0x6eb1cf]
V  [jvm.dll+0x6e3d45]
V  [jvm.dll+0x5ebe96]
C  [ucrtbase.dll+0x21bb2]
C  [KERNEL32.DLL+0x17034]
C  [ntdll.dll+0x52651]


siginfo: EXCEPTION_ACCESS_VIOLATION (0xc0000005), reading address 0x0000001004100028


Register to memory mapping:

RIP=0x00007ffbbb00001a jvm.dll
RAX=0x000001c125ec29a0 points into unknown readable memory: 0x0000000000000000 | 00 00 00 00 00 00 00 00
RBX=0x000001c12c1f0d18 points into unknown readable memory: 0x00007ffbbb163cb8 | b8 3c 16 bb fb 7f 00 00
RCX=0x0000001004100000 is an unknown value
RDX=0x0000000000000007 is an unknown value
RSP=0x00000023483fbb70 is pointing into the stack for thread: 0x000001c122ad3000
RBP=0x00000023483fbc70 is pointing into the stack for thread: 0x000001c122ad3000
RSI=0x000001c125e5fa58 points into unknown readable memory: 0x00007ffbbb1a8568 | 68 85 1a bb fb 7f 00 00
RDI=0x0 is NULL
R8 =0x000001c12badf3b0 points into unknown readable memory: 0x000001c12badf3f0 | f0 f3 ad 2b c1 01 00 00
R9 =0x0 is NULL
R10=0x000001c125888698 points into unknown readable memory: 0x000001c1299997f8 | f8 97 99 29 c1 01 00 00
R11=0x0000000000000018 is an unknown value
R12=0x000001c12c1f0e80 points into unknown readable memory: 0x00007ffbbb162498 | 98 24 16 bb fb 7f 00 00
R13=0x0000000000000034 is an unknown value
R14=0x0000000000000005 is an unknown value
R15=0x00000023483fc3f0 is pointing into the stack for thread: 0x000001c122ad3000


Registers:
RAX=0x000001c125ec29a0, RBX=0x000001c12c1f0d18, RCX=0x0000001004100000, RDX=0x0000000000000007
RSP=0x00000023483fbb70, RBP=0x00000023483fbc70, RSI=0x000001c125e5fa58, RDI=0x0000000000000000
R8 =0x000001c12badf3b0, R9 =0x0000000000000000, R10=0x000001c125888698, R11=0x0000000000000018
R12=0x000001c12c1f0e80, R13=0x0000000000000034, R14=0x0000000000000005, R15=0x00000023483fc3f0
RIP=0x00007ffbbb00001a, EFLAGS=0x0000000000010287

Top of Stack: (sp=0x00000023483fbb70)
0x00000023483fbb70:   00007ffbbb34b610 000001c125e5fa58
0x00000023483fbb80:   000001c125e5fa58 000001c1299997f8
0x00000023483fbb90:   00007ffb000022f7 000001c100000005
0x00000023483fbba0:   000001c1000021e1 00000023483fbd01
0x00000023483fbbb0:   000001c100000000 00000023483fbde0
0x00000023483fbbc0:   000001c100000002 00007ffbbaa7c69c
0x00000023483fbbd0:   000001c100000005 000001c125e5fa58
0x00000023483fbbe0:   0000003500000034 000001c12badf3b0
0x00000023483fbbf0:   0000003400000018 0000000000000005
0x00000023483fbc00:   0000000000000000 000001c12c1f0e80
0x00000023483fbc10:   000001c12c7e3050 000001c124e2b0f0
0x00000023483fbc20:   000001c125e5fa68 00007ffc00000282
0x00000023483fbc30:   000001c124e2b030 0000214800000000
0x00000023483fbc40:   00000023483fc130 0000002300000014
0x00000023483fbc50:   000001c12582fbf0 000001c12962b560
0x00000023483fbc60:   0000000000000000 000001c1296249a0 

Instructions: (pc=0x00007ffbbb00001a)
0x00007ffbbaffff1a:   fd ff 4d 8b 44 24 08 49 8b 0c d8 48 85 c9 74 2c
0x00007ffbbaffff2a:   48 8b 79 10 48 85 ff 74 23 8b 41 20 48 8d 14 c7
0x00007ffbbaffff3a:   66 0f 1f 44 00 00 4c 39 62 f8 48 8d 52 f8 75 f6
0x00007ffbbaffff4a:   ff c8 89 41 20 48 8b 0c c7 48 89 0a 8b 95 38 03
0x00007ffbbaffff5a:   00 00 4c 8d 6e 10 33 c0 49 8b cd 49 89 04 d8 e8
0x00007ffbbaffff6a:   f2 d3 f8 ff 41 ff 4d 18 8b 85 38 03 00 00 ff 4e
0x00007ffbbaffff7a:   70 ff c8 ff 4e 78 ff c0 89 85 38 03 00 00 e9 f3
0x00007ffbbaffff8a:   fa ff ff 41 8b 44 24 2c 83 e0 7f 3c 4a 0f 84 ec
0x00007ffbbaffff9a:   03 00 00 49 8b 04 24 49 8b cc ff 90 88 00 00 00
0x00007ffbbaffffaa:   48 89 44 24 78 4c 8b c0 48 85 c0 74 12 48 8b c8
0x00007ffbbaffffba:   e8 81 8d b4 ff 4c 8b 44 24 78 44 8b e8 eb 03 45
0x00007ffbbaffffca:   8b ee 41 8d 46 ff 44 89 6c 24 70 41 be 01 00 00
0x00007ffbbaffffda:   00 89 45 10 44 89 74 24 60 44 39 75 84 0f 86 94
0x00007ffbbaffffea:   03 00 00 0f 1f 00 44 3b f0 76 0e 41 8b c6 41 2b
0x00007ffbbafffffa:   c5 a8 01 0f 84 69 03 00 00 49 8b 44 24 08 41 8b
0x00007ffbbb00000a:   ce 48 89 4d 88 48 8b 0c c8 49 8b 87 28 01 00 00
0x00007ffbbb00001a:   48 63 51 28 8b 0c 90 41 3b 8f e8 00 00 00 0f 83
0x00007ffbbb00002a:   3e 03 00 00 49 8b 47 70 4c 8d 2c 89 8b d1 49 c1
0x00007ffbbb00003a:   e5 05 48 8b 48 20 42 81 7c 29 30 2f 75 00 00 0f
0x00007ffbbb00004a:   8c 18 03 00 00 48 8b 45 20 44 8b 34 90 48 8b 45
0x00007ffbbb00005a:   c0 45 8b fe 44 89 74 24 74 4c 89 75 a8 4a 8b 1c
0x00007ffbbb00006a:   f0 4d 85 c0 0f 84 74 01 00 00 41 8b 48 14 8b 44
0x00007ffbbb00007a:   24 60 3b c8 77 13 41 3b 40 18 73 0d 2b c1 83 e0
0x00007ffbbb00008a:   01 84 c0 74 1f 8b 44 24 60 49 8b 08 48 85 c9 0f
0x00007ffbbb00009a:   84 49 01 00 00 8b d0 e8 8a 7c b9 ff 84 c0 0f 84
0x00007ffbbb0000aa:   3a 01 00 00 4c 8b bd 20 03 00 00 48 8b d6 48 8b
0x00007ffbbb0000ba:   cb 4d 8b 47 10 e8 ac 17 00 00 48 8b d8 48 85 c0
0x00007ffbbb0000ca:   0f 84 d8 11 00 00 49 8b 7f 10 8b 8f a8 01 00 00
0x00007ffbbb0000da:   2b 8f d0 01 00 00 03 0d fa 0a 35 00 3b 4f 60 0f
0x00007ffbbb0000ea:   87 8c 11 00 00 48 63 70 28 49 8d bf 10 01 00 00
0x00007ffbbb0000fa:   3b 37 7c 4a 3b 77 04 7c 0a 8b d6 48 8b cf e8 c3
0x00007ffbbb00010a:   ac b5 ff 48 63 17 3b d6 7d 2f 8b c6 48 8d 0c 95 


Stack slot to memory mapping:
stack at sp + 0 slots: 0x00007ffbbb34b610 jvm.dll
stack at sp + 1 slots: 0x000001c125e5fa58 points into unknown readable memory: 0x00007ffbbb1a8568 | 68 85 1a bb fb 7f 00 00
stack at sp + 2 slots: 0x000001c125e5fa58 points into unknown readable memory: 0x00007ffbbb1a8568 | 68 85 1a bb fb 7f 00 00
stack at sp + 3 slots: 0x000001c1299997f8 points into unknown readable memory: 0x00007ffbbb1bc768 | 68 c7 1b bb fb 7f 00 00
stack at sp + 4 slots: 0x00007ffb000022f7 is an unknown value
stack at sp + 5 slots: 0x000001c100000005 is an unknown value
stack at sp + 6 slots: 0x000001c1000021e1 is an unknown value
stack at sp + 7 slots: 0x00000023483fbd01 is pointing into the stack for thread: 0x000001c122ad3000


---------------  P R O C E S S  ---------------

Threads class SMR info:
_java_thread_list=0x000001c129360f40, length=44, elements={
0x000001c10854d000, 0x000001c12213c000, 0x000001c12213d800, 0x000001c122acb000,
0x000001c122acd800, 0x000001c122ad1000, 0x000001c122ad3000, 0x000001c122154000,
0x000001c122161800, 0x000001c122c2a000, 0x000001c123e84800, 0x000001c125dc1800,
0x000001c12403b800, 0x000001c124f51000, 0x000001c124f52000, 0x000001c124fb8800,
0x000001c12647d800, 0x000001c125a07800, 0x000001c125a08800, 0x000001c126122800,
0x000001c126120800, 0x000001c126121800, 0x000001c126125000, 0x000001c126127000,
0x000001c126123000, 0x000001c126126800, 0x000001c126124000, 0x000001c126125800,
0x000001c126584000, 0x000001c126583000, 0x000001c126580000, 0x000001c126582800,
0x000001c126585000, 0x000001c126585800, 0x000001c126580800, 0x000001c126588000,
0x000001c126589000, 0x000001c126587000, 0x000001c12658a800, 0x000001c12658b800,
0x000001c12658c000, 0x000001c12658e000, 0x000001c129cfb000, 0x000001c12543d800
}

Java Threads: ( => current thread )
  0x000001c10854d000 JavaThread "main" [_thread_blocked, id=9740, stack(0x0000002347700000,0x0000002347800000)]
  0x000001c12213c000 JavaThread "Reference Handler" daemon [_thread_blocked, id=1320, stack(0x0000002347e00000,0x0000002347f00000)]
  0x000001c12213d800 JavaThread "Finalizer" daemon [_thread_blocked, id=8108, stack(0x0000002347f00000,0x0000002348000000)]
  0x000001c122acb000 JavaThread "Signal Dispatcher" daemon [_thread_blocked, id=9844, stack(0x0000002348000000,0x0000002348100000)]
  0x000001c122acd800 JavaThread "Attach Listener" daemon [_thread_blocked, id=2552, stack(0x0000002348100000,0x0000002348200000)]
  0x000001c122ad1000 JavaThread "Service Thread" daemon [_thread_blocked, id=10224, stack(0x0000002348200000,0x0000002348300000)]
=>0x000001c122ad3000 JavaThread "C2 CompilerThread0" daemon [_thread_in_native, id=5816, stack(0x0000002348300000,0x0000002348400000)]
  0x000001c122154000 JavaThread "C1 CompilerThread0" daemon [_thread_blocked, id=3584, stack(0x0000002348400000,0x0000002348500000)]
  0x000001c122161800 JavaThread "Sweeper thread" daemon [_thread_blocked, id=3076, stack(0x0000002348500000,0x0000002348600000)]
  0x000001c122c2a000 JavaThread "Common-Cleaner" daemon [_thread_blocked, id=5392, stack(0x0000002348600000,0x0000002348700000)]
  0x000001c123e84800 JavaThread "Daemon health stats" [_thread_blocked, id=5396, stack(0x0000002348b00000,0x0000002348c00000)]
  0x000001c125dc1800 JavaThread "Incoming local TCP Connector on port 51798" [_thread_in_native, id=1132, stack(0x0000002348800000,0x0000002348900000)]
  0x000001c12403b800 JavaThread "Daemon periodic checks" [_thread_blocked, id=848, stack(0x0000002348c00000,0x0000002348d00000)]
  0x000001c124f51000 JavaThread "Daemon" [_thread_blocked, id=10128, stack(0x0000002348d00000,0x0000002348e00000)]
  0x000001c124f52000 JavaThread "Handler for socket connection from /127.0.0.1:51798 to /127.0.0.1:51799" [_thread_in_native, id=2548, stack(0x0000002348e00000,0x0000002348f00000)]
  0x000001c124fb8800 JavaThread "Cancel handler" [_thread_blocked, id=1068, stack(0x0000002348f00000,0x0000002349000000)]
  0x000001c12647d800 JavaThread "Daemon worker" [_thread_in_native, id=3300, stack(0x0000002349000000,0x0000002349100000)]
  0x000001c125a07800 JavaThread "Asynchronous log dispatcher for DefaultDaemonConnection: socket connection from /127.0.0.1:51798 to /127.0.0.1:51799" [_thread_blocked, id=7564, stack(0x0000002349100000,0x0000002349200000)]
  0x000001c125a08800 JavaThread "Stdin handler" [_thread_blocked, id=4768, stack(0x0000002349200000,0x0000002349300000)]
  0x000001c126122800 JavaThread "Daemon client event forwarder" [_thread_blocked, id=10784, stack(0x0000002349300000,0x0000002349400000)]
  0x000001c126120800 JavaThread "Cache worker for file hash cache (C:\Program Files\Android\Android Studio\jre\caches\7.0.2\fileHashes)" [_thread_blocked, id=4596, stack(0x0000002349500000,0x0000002349600000)]
  0x000001c126121800 JavaThread "File lock request listener" [_thread_in_native, id=7456, stack(0x0000002349600000,0x0000002349700000)]
  0x000001c126125000 JavaThread "Cache worker for journal cache (C:\Program Files\Android\Android Studio\jre\caches\journal-1)" [_thread_blocked, id=8080, stack(0x0000002349700000,0x0000002349800000)]
  0x000001c126127000 JavaThread "Cache worker for file hash cache (C:\Users\second\AndroidStudioProjects\DevelopersLifeApp\.gradle\7.0.2\fileHashes)" [_thread_blocked, id=10684, stack(0x0000002349900000,0x0000002349a00000)]
  0x000001c126123000 JavaThread "File watcher server" daemon [_thread_in_native, id=6468, stack(0x0000002349a00000,0x0000002349b00000)]
  0x000001c126126800 JavaThread "File watcher consumer" daemon [_thread_blocked, id=9028, stack(0x0000002349b00000,0x0000002349c00000)]
  0x000001c126124000 JavaThread "jar transforms" [_thread_blocked, id=6096, stack(0x0000002349c00000,0x0000002349d00000)]
  0x000001c126125800 JavaThread "jar transforms Thread 2" [_thread_blocked, id=3544, stack(0x0000002349d00000,0x0000002349e00000)]
  0x000001c126584000 JavaThread "jar transforms Thread 3" [_thread_blocked, id=8592, stack(0x0000002349e00000,0x0000002349f00000)]
  0x000001c126583000 JavaThread "jar transforms Thread 4" [_thread_blocked, id=11072, stack(0x0000002349f00000,0x000000234a000000)]
  0x000001c126580000 JavaThread "Cache worker for checksums cache (C:\Users\second\AndroidStudioProjects\DevelopersLifeApp\.gradle\checksums)" [_thread_blocked, id=11592, stack(0x000000234a000000,0x000000234a100000)]
  0x000001c126582800 JavaThread "Cache worker for cache directory md-supplier (C:\Program Files\Android\Android Studio\jre\caches\7.0.2\md-supplier)" [_thread_blocked, id=11616, stack(0x000000234a100000,0x000000234a200000)]
  0x000001c126585000 JavaThread "Cache worker for cache directory md-rule (C:\Program Files\Android\Android Studio\jre\caches\7.0.2\md-rule)" [_thread_blocked, id=11748, stack(0x000000234a200000,0x000000234a300000)]
  0x000001c126585800 JavaThread "Cache worker for execution history cache (C:\Program Files\Android\Android Studio\jre\caches\7.0.2\executionHistory)" [_thread_blocked, id=11780, stack(0x000000234a300000,0x000000234a400000)]
  0x000001c126580800 JavaThread "Cache worker for file content cache (C:\Program Files\Android\Android Studio\jre\caches\7.0.2\fileContent)" [_thread_blocked, id=12020, stack(0x000000234a400000,0x000000234a500000)]
  0x000001c126588000 JavaThread "Cache worker for dependencies-accessors (C:\Users\second\AndroidStudioProjects\DevelopersLifeApp\.gradle\7.0.2\dependencies-accessors)" [_thread_blocked, id=12280, stack(0x000000234a500000,0x000000234a600000)]
  0x000001c126589000 JavaThread "Cache worker for Build Output Cleanup Cache (C:\Users\second\AndroidStudioProjects\DevelopersLifeApp\.gradle\buildOutputCleanup)" [_thread_blocked, id=10332, stack(0x000000234a600000,0x000000234a700000)]
  0x000001c126587000 JavaThread "Build operations" [_thread_blocked, id=11776, stack(0x000000234a700000,0x000000234a800000)]
  0x000001c12658a800 JavaThread "Build operations Thread 2" [_thread_blocked, id=11792, stack(0x000000234a800000,0x000000234a900000)]
  0x000001c12658b800 JavaThread "Build operations Thread 3" [_thread_blocked, id=11788, stack(0x000000234a900000,0x000000234aa00000)]
  0x000001c12658c000 JavaThread "Build operations Thread 4" [_thread_blocked, id=11784, stack(0x000000234aa00000,0x000000234ab00000)]
  0x000001c12658e000 JavaThread "Memory manager" [_thread_blocked, id=11916, stack(0x000000234ab00000,0x000000234ac00000)]
  0x000001c129cfb000 JavaThread "pool-3-thread-1" [_thread_blocked, id=12028, stack(0x000000234ad00000,0x000000234ae00000)]
  0x000001c12543d800 JavaThread "C2 CompilerThread1" daemon [_thread_in_native, id=12096, stack(0x0000002349800000,0x0000002349900000)]

Other Threads:
  0x000001c122134800 VMThread "VM Thread" [stack: 0x0000002347d00000,0x0000002347e00000] [id=1432]
  0x000001c122c58000 WatcherThread [stack: 0x0000002348700000,0x0000002348800000] [id=9880]
  0x000001c108565800 GCTaskThread "GC Thread#0" [stack: 0x0000002347800000,0x0000002347900000] [id=8848]
  0x000001c1235b8800 GCTaskThread "GC Thread#1" [stack: 0x0000002348900000,0x0000002348a00000] [id=7084]
  0x000001c1236a3800 GCTaskThread "GC Thread#2" [stack: 0x0000002348a00000,0x0000002348b00000] [id=9408]
  0x000001c124eae000 GCTaskThread "GC Thread#3" [stack: 0x0000002349400000,0x0000002349500000] [id=2312]
  0x000001c108595800 ConcurrentGCThread "G1 Main Marker" [stack: 0x0000002347900000,0x0000002347a00000] [id=8740]
  0x000001c108598000 ConcurrentGCThread "G1 Conc#0" [stack: 0x0000002347a00000,0x0000002347b00000] [id=6560]
  0x000001c10862d800 ConcurrentGCThread "G1 Refine#0" [stack: 0x0000002347b00000,0x0000002347c00000] [id=8220]
  0x000001c121f84800 ConcurrentGCThread "G1 Young RemSet Sampling" [stack: 0x0000002347c00000,0x0000002347d00000] [id=4236]

Threads with active compile tasks:
C2 CompilerThread0  17541 9393       4       org.gradle.internal.instantiation.generator.AbstractClassGenerator::inspectType (560 bytes)
C2 CompilerThread1  17541 9497       4       java.lang.Class::getMethod (59 bytes)

VM state:not at safepoint (normal execution)

VM Mutex/Monitor currently owned by a thread: None

Heap address: 0x0000000080000000, size: 2048 MB, Compressed Oops mode: 32-bit
Narrow klass base: 0x0000000000000000, Narrow klass shift: 3
Compressed class space size: 1073741824 Address: 0x0000000100000000

Heap:
 garbage-first heap   total 163840K, used 119742K [0x0000000080000000, 0x0000000100000000)
  region size 1024K, 23 young (23552K), 4 survivors (4096K)
 Metaspace       used 88847K, capacity 91038K, committed 91264K, reserved 1128448K
  class space    used 11380K, capacity 12132K, committed 12160K, reserved 1048576K
Heap Regions: E=young(eden), S=young(survivor), O=old, HS=humongous(starts), HC=humongous(continues), CS=collection set, F=free, A=archive, TAMS=top-at-mark-start (previous, next)
|   0|0x0000000080000000, 0x0000000080100000, 0x0000000080100000|100%|HS|  |TAMS 0x0000000080100000, 0x0000000080000000| Complete 
|   1|0x0000000080100000, 0x0000000080200000, 0x0000000080200000|100%|HC|  |TAMS 0x0000000080200000, 0x0000000080100000| Complete 
|   2|0x0000000080200000, 0x0000000080300000, 0x0000000080300000|100%|HC|  |TAMS 0x0000000080300000, 0x0000000080200000| Complete 
|   3|0x0000000080300000, 0x0000000080400000, 0x0000000080400000|100%| O|  |TAMS 0x0000000080400000, 0x0000000080300000| Untracked 
|   4|0x0000000080400000, 0x0000000080500000, 0x0000000080500000|100%| O|  |TAMS 0x0000000080500000, 0x0000000080400000| Untracked 
|   5|0x0000000080500000, 0x0000000080600000, 0x0000000080600000|100%| O|  |TAMS 0x0000000080600000, 0x0000000080500000| Untracked 
|   6|0x0000000080600000, 0x0000000080700000, 0x0000000080700000|100%| O|  |TAMS 0x0000000080700000, 0x0000000080600000| Untracked 
|   7|0x0000000080700000, 0x0000000080800000, 0x0000000080800000|100%| O|  |TAMS 0x0000000080800000, 0x0000000080700000| Untracked 
|   8|0x0000000080800000, 0x0000000080900000, 0x0000000080900000|100%| O|  |TAMS 0x0000000080900000, 0x0000000080800000| Untracked 
|   9|0x0000000080900000, 0x0000000080a00000, 0x0000000080a00000|100%| O|  |TAMS 0x0000000080a00000, 0x0000000080900000| Untracked 
|  10|0x0000000080a00000, 0x0000000080b00000, 0x0000000080b00000|100%| O|  |TAMS 0x0000000080b00000, 0x0000000080a00000| Untracked 
|  11|0x0000000080b00000, 0x0000000080c00000, 0x0000000080c00000|100%| O|  |TAMS 0x0000000080c00000, 0x0000000080b00000| Untracked 
|  12|0x0000000080c00000, 0x0000000080d00000, 0x0000000080d00000|100%| O|  |TAMS 0x0000000080d00000, 0x0000000080c00000| Untracked 
|  13|0x0000000080d00000, 0x0000000080e00000, 0x0000000080e00000|100%| O|  |TAMS 0x0000000080e00000, 0x0000000080d00000| Untracked 
|  14|0x0000000080e00000, 0x0000000080f00000, 0x0000000080f00000|100%| O|  |TAMS 0x0000000080f00000, 0x0000000080e00000| Untracked 
|  15|0x0000000080f00000, 0x0000000081000000, 0x0000000081000000|100%| O|  |TAMS 0x0000000081000000, 0x0000000080f00000| Untracked 
|  16|0x0000000081000000, 0x0000000081100000, 0x0000000081100000|100%|HS|  |TAMS 0x0000000081100000, 0x0000000081000000| Complete 
|  17|0x0000000081100000, 0x0000000081200000, 0x0000000081200000|100%|HC|  |TAMS 0x0000000081200000, 0x0000000081100000| Complete 
|  18|0x0000000081200000, 0x0000000081300000, 0x0000000081300000|100%|HS|  |TAMS 0x0000000081300000, 0x0000000081200000| Complete 
|  19|0x0000000081300000, 0x0000000081400000, 0x0000000081400000|100%|HC|  |TAMS 0x0000000081400000, 0x0000000081300000| Complete 
|  20|0x0000000081400000, 0x0000000081500000, 0x0000000081500000|100%|HC|  |TAMS 0x0000000081500000, 0x0000000081400000| Complete 
|  21|0x0000000081500000, 0x0000000081600000, 0x0000000081600000|100%|HS|  |TAMS 0x0000000081600000, 0x0000000081500000| Complete 
|  22|0x0000000081600000, 0x0000000081700000, 0x0000000081700000|100%|HC|  |TAMS 0x0000000081700000, 0x0000000081600000| Complete 
|  23|0x0000000081700000, 0x0000000081800000, 0x0000000081800000|100%|HC|  |TAMS 0x0000000081800000, 0x0000000081700000| Complete 
|  24|0x0000000081800000, 0x0000000081900000, 0x0000000081900000|100%|HC|  |TAMS 0x0000000081900000, 0x0000000081800000| Complete 
|  25|0x0000000081900000, 0x0000000081a00000, 0x0000000081a00000|100%|HC|  |TAMS 0x0000000081a00000, 0x0000000081900000| Complete 
|  26|0x0000000081a00000, 0x0000000081b00000, 0x0000000081b00000|100%| O|  |TAMS 0x0000000081b00000, 0x0000000081a00000| Untracked 
|  27|0x0000000081b00000, 0x0000000081c00000, 0x0000000081c00000|100%| O|  |TAMS 0x0000000081c00000, 0x0000000081b00000| Untracked 
|  28|0x0000000081c00000, 0x0000000081d00000, 0x0000000081d00000|100%| O|  |TAMS 0x0000000081d00000, 0x0000000081c00000| Untracked 
|  29|0x0000000081d00000, 0x0000000081e00000, 0x0000000081e00000|100%| O|  |TAMS 0x0000000081e00000, 0x0000000081d00000| Untracked 
|  30|0x0000000081e00000, 0x0000000081f00000, 0x0000000081f00000|100%| O|  |TAMS 0x0000000081f00000, 0x0000000081e00000| Untracked 
|  31|0x0000000081f00000, 0x0000000082000000, 0x0000000082000000|100%| O|  |TAMS 0x0000000082000000, 0x0000000081f00000| Untracked 
|  32|0x0000000082000000, 0x0000000082100000, 0x0000000082100000|100%| O|  |TAMS 0x0000000082100000, 0x0000000082000000| Untracked 
|  33|0x0000000082100000, 0x0000000082200000, 0x0000000082200000|100%| O|  |TAMS 0x0000000082200000, 0x0000000082100000| Untracked 
|  34|0x0000000082200000, 0x0000000082300000, 0x0000000082300000|100%| O|  |TAMS 0x0000000082300000, 0x0000000082200000| Untracked 
|  35|0x0000000082300000, 0x0000000082400000, 0x0000000082400000|100%|HS|  |TAMS 0x0000000082400000, 0x0000000082300000| Complete 
|  36|0x0000000082400000, 0x0000000082500000, 0x0000000082500000|100%|HC|  |TAMS 0x0000000082500000, 0x0000000082400000| Complete 
|  37|0x0000000082500000, 0x0000000082600000, 0x0000000082600000|100%|HC|  |TAMS 0x0000000082600000, 0x0000000082500000| Complete 
|  38|0x0000000082600000, 0x0000000082700000, 0x0000000082700000|100%|HC|  |TAMS 0x0000000082700000, 0x0000000082600000| Complete 
|  39|0x0000000082700000, 0x0000000082800000, 0x0000000082800000|100%|HC|  |TAMS 0x0000000082800000, 0x0000000082700000| Complete 
|  40|0x0000000082800000, 0x0000000082900000, 0x0000000082900000|100%|HS|  |TAMS 0x0000000082900000, 0x0000000082800000| Complete 
|  41|0x0000000082900000, 0x0000000082a00000, 0x0000000082a00000|100%|HC|  |TAMS 0x0000000082a00000, 0x0000000082900000| Complete 
|  42|0x0000000082a00000, 0x0000000082b00000, 0x0000000082b00000|100%|HC|  |TAMS 0x0000000082b00000, 0x0000000082a00000| Complete 
|  43|0x0000000082b00000, 0x0000000082c00000, 0x0000000082c00000|100%| O|  |TAMS 0x0000000082c00000, 0x0000000082b00000| Untracked 
|  44|0x0000000082c00000, 0x0000000082d00000, 0x0000000082d00000|100%| O|  |TAMS 0x0000000082d00000, 0x0000000082c00000| Untracked 
|  45|0x0000000082d00000, 0x0000000082e00000, 0x0000000082e00000|100%| O|  |TAMS 0x0000000082e00000, 0x0000000082d00000| Untracked 
|  46|0x0000000082e00000, 0x0000000082f00000, 0x0000000082f00000|100%| O|  |TAMS 0x0000000082f00000, 0x0000000082e00000| Untracked 
|  47|0x0000000082f00000, 0x0000000083000000, 0x0000000083000000|100%| O|  |TAMS 0x0000000083000000, 0x0000000082f00000| Untracked 
|  48|0x0000000083000000, 0x0000000083100000, 0x0000000083100000|100%| O|  |TAMS 0x0000000083100000, 0x0000000083000000| Untracked 
|  49|0x0000000083100000, 0x0000000083200000, 0x0000000083200000|100%| O|  |TAMS 0x0000000083200000, 0x0000000083100000| Untracked 
|  50|0x0000000083200000, 0x0000000083300000, 0x0000000083300000|100%| O|  |TAMS 0x0000000083300000, 0x0000000083200000| Untracked 
|  51|0x0000000083300000, 0x0000000083400000, 0x0000000083400000|100%| O|  |TAMS 0x0000000083400000, 0x0000000083300000| Untracked 
|  52|0x0000000083400000, 0x0000000083500000, 0x0000000083500000|100%| O|  |TAMS 0x0000000083500000, 0x0000000083400000| Untracked 
|  53|0x0000000083500000, 0x0000000083600000, 0x0000000083600000|100%| O|  |TAMS 0x0000000083600000, 0x0000000083500000| Untracked 
|  54|0x0000000083600000, 0x0000000083700000, 0x0000000083700000|100%|HS|  |TAMS 0x0000000083700000, 0x0000000083600000| Complete 
|  55|0x0000000083700000, 0x0000000083800000, 0x0000000083800000|100%|HS|  |TAMS 0x0000000083800000, 0x0000000083700000| Complete 
|  56|0x0000000083800000, 0x0000000083900000, 0x0000000083900000|100%|HS|  |TAMS 0x0000000083900000, 0x0000000083800000| Complete 
|  57|0x0000000083900000, 0x0000000083a00000, 0x0000000083a00000|100%|HS|  |TAMS 0x0000000083a00000, 0x0000000083900000| Complete 
|  58|0x0000000083a00000, 0x0000000083b00000, 0x0000000083b00000|100%|HC|  |TAMS 0x0000000083b00000, 0x0000000083a00000| Complete 
|  59|0x0000000083b00000, 0x0000000083c00000, 0x0000000083c00000|100%|HC|  |TAMS 0x0000000083c00000, 0x0000000083b00000| Complete 
|  60|0x0000000083c00000, 0x0000000083d00000, 0x0000000083d00000|100%|HS|  |TAMS 0x0000000083d00000, 0x0000000083c00000| Complete 
|  61|0x0000000083d00000, 0x0000000083e00000, 0x0000000083e00000|100%|HC|  |TAMS 0x0000000083e00000, 0x0000000083d00000| Complete 
|  62|0x0000000083e00000, 0x0000000083f00000, 0x0000000083f00000|100%| O|  |TAMS 0x0000000083f00000, 0x0000000083e00000| Untracked 
|  63|0x0000000083f00000, 0x0000000084000000, 0x0000000084000000|100%| O|  |TAMS 0x0000000084000000, 0x0000000083f00000| Untracked 
|  64|0x0000000084000000, 0x0000000084100000, 0x0000000084100000|100%| O|  |TAMS 0x0000000084100000, 0x0000000084000000| Untracked 
|  65|0x0000000084100000, 0x0000000084200000, 0x0000000084200000|100%| O|  |TAMS 0x0000000084200000, 0x0000000084100000| Untracked 
|  66|0x0000000084200000, 0x0000000084300000, 0x0000000084300000|100%| O|  |TAMS 0x0000000084300000, 0x0000000084200000| Untracked 
|  67|0x0000000084300000, 0x0000000084400000, 0x0000000084400000|100%| O|  |TAMS 0x0000000084400000, 0x0000000084300000| Untracked 
|  68|0x0000000084400000, 0x0000000084500000, 0x0000000084500000|100%| O|  |TAMS 0x0000000084500000, 0x0000000084400000| Untracked 
|  69|0x0000000084500000, 0x0000000084600000, 0x0000000084600000|100%| O|  |TAMS 0x0000000084600000, 0x0000000084500000| Untracked 
|  70|0x0000000084600000, 0x0000000084700000, 0x0000000084700000|100%| O|  |TAMS 0x0000000084700000, 0x0000000084600000| Untracked 
|  71|0x0000000084700000, 0x0000000084800000, 0x0000000084800000|100%| O|  |TAMS 0x0000000084800000, 0x0000000084700000| Untracked 
|  72|0x0000000084800000, 0x0000000084900000, 0x0000000084900000|100%| O|  |TAMS 0x0000000084900000, 0x0000000084800000| Untracked 
|  73|0x0000000084900000, 0x0000000084a00000, 0x0000000084a00000|100%| O|  |TAMS 0x0000000084a00000, 0x0000000084900000| Untracked 
|  74|0x0000000084a00000, 0x0000000084b00000, 0x0000000084b00000|100%| O|  |TAMS 0x0000000084b00000, 0x0000000084a00000| Untracked 
|  75|0x0000000084b00000, 0x0000000084c00000, 0x0000000084c00000|100%| O|  |TAMS 0x0000000084c00000, 0x0000000084b00000| Untracked 
|  76|0x0000000084c00000, 0x0000000084d00000, 0x0000000084d00000|100%| O|  |TAMS 0x0000000084d00000, 0x0000000084c00000| Untracked 
|  77|0x0000000084d00000, 0x0000000084e00000, 0x0000000084e00000|100%| O|  |TAMS 0x0000000084e00000, 0x0000000084d00000| Untracked 
|  78|0x0000000084e00000, 0x0000000084f00000, 0x0000000084f00000|100%| O|  |TAMS 0x0000000084f00000, 0x0000000084e00000| Untracked 
|  79|0x0000000084f00000, 0x0000000085000000, 0x0000000085000000|100%| O|  |TAMS 0x0000000085000000, 0x0000000084f00000| Untracked 
|  80|0x0000000085000000, 0x0000000085100000, 0x0000000085100000|100%| O|  |TAMS 0x0000000085100000, 0x0000000085000000| Untracked 
|  81|0x0000000085100000, 0x0000000085200000, 0x0000000085200000|100%| O|  |TAMS 0x0000000085200000, 0x0000000085100000| Untracked 
|  82|0x0000000085200000, 0x0000000085300000, 0x0000000085300000|100%| O|  |TAMS 0x0000000085300000, 0x0000000085200000| Untracked 
|  83|0x0000000085300000, 0x0000000085400000, 0x0000000085400000|100%| O|  |TAMS 0x0000000085400000, 0x0000000085300000| Untracked 
|  84|0x0000000085400000, 0x0000000085500000, 0x0000000085500000|100%| O|  |TAMS 0x0000000085500000, 0x0000000085400000| Untracked 
|  85|0x0000000085500000, 0x0000000085600000, 0x0000000085600000|100%| O|  |TAMS 0x0000000085600000, 0x0000000085500000| Untracked 
|  86|0x0000000085600000, 0x0000000085700000, 0x0000000085700000|100%| O|  |TAMS 0x0000000085700000, 0x0000000085600000| Untracked 
|  87|0x0000000085700000, 0x0000000085800000, 0x0000000085800000|100%| O|  |TAMS 0x0000000085800000, 0x0000000085700000| Untracked 
|  88|0x0000000085800000, 0x0000000085900000, 0x0000000085900000|100%| O|  |TAMS 0x0000000085900000, 0x0000000085800000| Untracked 
|  89|0x0000000085900000, 0x0000000085a00000, 0x0000000085a00000|100%| O|  |TAMS 0x000000008591ca00, 0x0000000085900000| Untracked 
|  90|0x0000000085a00000, 0x0000000085b00000, 0x0000000085b00000|100%| O|  |TAMS 0x0000000085a00000, 0x0000000085a00000| Untracked 
|  91|0x0000000085b00000, 0x0000000085c00000, 0x0000000085c00000|100%| O|  |TAMS 0x0000000085b00000, 0x0000000085b00000| Untracked 
|  92|0x0000000085c00000, 0x0000000085d00000, 0x0000000085d00000|100%| O|  |TAMS 0x0000000085c00000, 0x0000000085c00000| Untracked 
|  93|0x0000000085d00000, 0x0000000085e00000, 0x0000000085e00000|100%| O|  |TAMS 0x0000000085d00000, 0x0000000085d00000| Untracked 
|  94|0x0000000085e00000, 0x0000000085f00000, 0x0000000085f00000|100%| O|  |TAMS 0x0000000085e00000, 0x0000000085e00000| Untracked 
|  95|0x0000000085f00000, 0x0000000085fa2200, 0x0000000086000000| 63%| O|  |TAMS 0x0000000085f00000, 0x0000000085f00000| Untracked 
|  96|0x0000000086000000, 0x0000000086000000, 0x0000000086100000|  0%| F|  |TAMS 0x0000000086000000, 0x0000000086000000| Untracked 
|  97|0x0000000086100000, 0x0000000086100000, 0x0000000086200000|  0%| F|  |TAMS 0x0000000086100000, 0x0000000086100000| Untracked 
|  98|0x0000000086200000, 0x0000000086200000, 0x0000000086300000|  0%| F|  |TAMS 0x0000000086200000, 0x0000000086200000| Untracked 
|  99|0x0000000086300000, 0x0000000086300000, 0x0000000086400000|  0%| F|  |TAMS 0x0000000086300000, 0x0000000086300000| Untracked 
| 100|0x0000000086400000, 0x0000000086400000, 0x0000000086500000|  0%| F|  |TAMS 0x0000000086400000, 0x0000000086400000| Untracked 
| 101|0x0000000086500000, 0x0000000086500000, 0x0000000086600000|  0%| F|  |TAMS 0x0000000086500000, 0x0000000086500000| Untracked 
| 102|0x0000000086600000, 0x0000000086600000, 0x0000000086700000|  0%| F|  |TAMS 0x0000000086600000, 0x0000000086600000| Untracked 
| 103|0x0000000086700000, 0x0000000086700000, 0x0000000086800000|  0%| F|  |TAMS 0x0000000086700000, 0x0000000086700000| Untracked 
| 104|0x0000000086800000, 0x0000000086800000, 0x0000000086900000|  0%| F|  |TAMS 0x0000000086800000, 0x0000000086800000| Untracked 
| 105|0x0000000086900000, 0x0000000086900000, 0x0000000086a00000|  0%| F|  |TAMS 0x0000000086900000, 0x0000000086900000| Untracked 
| 106|0x0000000086a00000, 0x0000000086a00000, 0x0000000086b00000|  0%| F|  |TAMS 0x0000000086a00000, 0x0000000086a00000| Untracked 
| 107|0x0000000086b00000, 0x0000000086b00000, 0x0000000086c00000|  0%| F|  |TAMS 0x0000000086b00000, 0x0000000086b00000| Untracked 
| 108|0x0000000086c00000, 0x0000000086c00000, 0x0000000086d00000|  0%| F|  |TAMS 0x0000000086c00000, 0x0000000086c00000| Untracked 
| 109|0x0000000086d00000, 0x0000000086d00000, 0x0000000086e00000|  0%| F|  |TAMS 0x0000000086d00000, 0x0000000086d00000| Untracked 
| 110|0x0000000086e00000, 0x0000000086e00000, 0x0000000086f00000|  0%| F|  |TAMS 0x0000000086e00000, 0x0000000086e00000| Untracked 
| 111|0x0000000086f00000, 0x0000000086f00000, 0x0000000087000000|  0%| F|  |TAMS 0x0000000086f00000, 0x0000000086f00000| Untracked 
| 112|0x0000000087000000, 0x0000000087000000, 0x0000000087100000|  0%| F|  |TAMS 0x0000000087000000, 0x0000000087000000| Untracked 
| 113|0x0000000087100000, 0x0000000087100000, 0x0000000087200000|  0%| F|  |TAMS 0x0000000087100000, 0x0000000087100000| Untracked 
| 114|0x0000000087200000, 0x0000000087200000, 0x0000000087300000|  0%| F|  |TAMS 0x0000000087200000, 0x0000000087200000| Untracked 
| 115|0x0000000087300000, 0x0000000087300000, 0x0000000087400000|  0%| F|  |TAMS 0x0000000087300000, 0x0000000087300000| Untracked 
| 116|0x0000000087400000, 0x0000000087400000, 0x0000000087500000|  0%| F|  |TAMS 0x0000000087400000, 0x0000000087400000| Untracked 
| 117|0x0000000087500000, 0x0000000087500000, 0x0000000087600000|  0%| F|  |TAMS 0x0000000087500000, 0x0000000087500000| Untracked 
| 118|0x0000000087600000, 0x000000008764d658, 0x0000000087700000| 30%| S|CS|TAMS 0x0000000087600000, 0x0000000087600000| Complete 
| 119|0x0000000087700000, 0x0000000087800000, 0x0000000087800000|100%| S|CS|TAMS 0x0000000087700000, 0x0000000087700000| Complete 
| 120|0x0000000087800000, 0x0000000087900000, 0x0000000087900000|100%| S|CS|TAMS 0x0000000087800000, 0x0000000087800000| Complete 
| 121|0x0000000087900000, 0x0000000087a00000, 0x0000000087a00000|100%| S|CS|TAMS 0x0000000087900000, 0x0000000087900000| Complete 
| 122|0x0000000087a00000, 0x0000000087a00000, 0x0000000087b00000|  0%| F|  |TAMS 0x0000000087a00000, 0x0000000087a00000| Untracked 
| 123|0x0000000087b00000, 0x0000000087b00000, 0x0000000087c00000|  0%| F|  |TAMS 0x0000000087b00000, 0x0000000087b00000| Untracked 
| 124|0x0000000087c00000, 0x0000000087c00000, 0x0000000087d00000|  0%| F|  |TAMS 0x0000000087c00000, 0x0000000087c00000| Untracked 
| 125|0x0000000087d00000, 0x0000000087d00000, 0x0000000087e00000|  0%| F|  |TAMS 0x0000000087d00000, 0x0000000087d00000| Untracked 
| 126|0x0000000087e00000, 0x0000000087e00000, 0x0000000087f00000|  0%| F|  |TAMS 0x0000000087e00000, 0x0000000087e00000| Untracked 
| 127|0x0000000087f00000, 0x0000000087f00000, 0x0000000088000000|  0%| F|  |TAMS 0x0000000087f00000, 0x0000000087f00000| Untracked 
| 128|0x0000000088000000, 0x0000000088000000, 0x0000000088100000|  0%| F|  |TAMS 0x0000000088000000, 0x0000000088000000| Untracked 
| 129|0x0000000088100000, 0x0000000088100000, 0x0000000088200000|  0%| F|  |TAMS 0x0000000088100000, 0x0000000088100000| Untracked 
| 130|0x0000000088200000, 0x0000000088200000, 0x0000000088300000|  0%| F|  |TAMS 0x0000000088200000, 0x0000000088200000| Untracked 
| 131|0x0000000088300000, 0x0000000088300000, 0x0000000088400000|  0%| F|  |TAMS 0x0000000088300000, 0x0000000088300000| Untracked 
| 132|0x0000000088400000, 0x0000000088400000, 0x0000000088500000|  0%| F|  |TAMS 0x0000000088400000, 0x0000000088400000| Untracked 
| 133|0x0000000088500000, 0x0000000088500000, 0x0000000088600000|  0%| F|  |TAMS 0x0000000088500000, 0x0000000088500000| Untracked 
| 134|0x0000000088600000, 0x0000000088600000, 0x0000000088700000|  0%| F|  |TAMS 0x0000000088600000, 0x0000000088600000| Untracked 
| 135|0x0000000088700000, 0x0000000088700000, 0x0000000088800000|  0%| F|  |TAMS 0x0000000088700000, 0x0000000088700000| Untracked 
| 136|0x0000000088800000, 0x0000000088800000, 0x0000000088900000|  0%| F|  |TAMS 0x0000000088800000, 0x0000000088800000| Untracked 
| 137|0x0000000088900000, 0x0000000088900000, 0x0000000088a00000|  0%| F|  |TAMS 0x0000000088900000, 0x0000000088900000| Untracked 
| 138|0x0000000088a00000, 0x0000000088a00000, 0x0000000088b00000|  0%| F|  |TAMS 0x0000000088a00000, 0x0000000088a00000| Untracked 
| 139|0x0000000088b00000, 0x0000000088b00000, 0x0000000088c00000|  0%| F|  |TAMS 0x0000000088b00000, 0x0000000088b00000| Untracked 
| 140|0x0000000088c00000, 0x0000000088c00000, 0x0000000088d00000|  0%| F|  |TAMS 0x0000000088c00000, 0x0000000088c00000| Untracked 
| 141|0x0000000088d00000, 0x0000000088d80800, 0x0000000088e00000| 50%| E|  |TAMS 0x0000000088d00000, 0x0000000088d00000| Complete 
| 142|0x0000000088e00000, 0x0000000088f00000, 0x0000000088f00000|100%| E|CS|TAMS 0x0000000088e00000, 0x0000000088e00000| Complete 
| 143|0x0000000088f00000, 0x0000000089000000, 0x0000000089000000|100%| E|CS|TAMS 0x0000000088f00000, 0x0000000088f00000| Complete 
| 144|0x0000000089000000, 0x0000000089100000, 0x0000000089100000|100%| E|CS|TAMS 0x0000000089000000, 0x0000000089000000| Complete 
| 145|0x0000000089100000, 0x0000000089200000, 0x0000000089200000|100%| E|CS|TAMS 0x0000000089100000, 0x0000000089100000| Complete 
| 146|0x0000000089200000, 0x0000000089300000, 0x0000000089300000|100%| E|CS|TAMS 0x0000000089200000, 0x0000000089200000| Complete 
| 147|0x0000000089300000, 0x0000000089400000, 0x0000000089400000|100%| E|CS|TAMS 0x0000000089300000, 0x0000000089300000| Complete 
| 148|0x0000000089400000, 0x0000000089500000, 0x0000000089500000|100%| E|CS|TAMS 0x0000000089400000, 0x0000000089400000| Complete 
| 149|0x0000000089500000, 0x0000000089600000, 0x0000000089600000|100%| E|CS|TAMS 0x0000000089500000, 0x0000000089500000| Complete 
| 150|0x0000000089600000, 0x0000000089700000, 0x0000000089700000|100%| E|CS|TAMS 0x0000000089600000, 0x0000000089600000| Complete 
| 151|0x0000000089700000, 0x0000000089800000, 0x0000000089800000|100%| E|CS|TAMS 0x0000000089700000, 0x0000000089700000| Complete 
| 152|0x0000000089800000, 0x0000000089900000, 0x0000000089900000|100%| E|CS|TAMS 0x0000000089800000, 0x0000000089800000| Complete 
| 153|0x0000000089900000, 0x0000000089a00000, 0x0000000089a00000|100%| E|CS|TAMS 0x0000000089900000, 0x0000000089900000| Complete 
| 154|0x0000000089a00000, 0x0000000089b00000, 0x0000000089b00000|100%| E|CS|TAMS 0x0000000089a00000, 0x0000000089a00000| Complete 
| 155|0x0000000089b00000, 0x0000000089c00000, 0x0000000089c00000|100%| E|CS|TAMS 0x0000000089b00000, 0x0000000089b00000| Complete 
| 156|0x0000000089c00000, 0x0000000089d00000, 0x0000000089d00000|100%| E|CS|TAMS 0x0000000089c00000, 0x0000000089c00000| Complete 
| 157|0x0000000089d00000, 0x0000000089e00000, 0x0000000089e00000|100%| E|CS|TAMS 0x0000000089d00000, 0x0000000089d00000| Complete 
| 158|0x0000000089e00000, 0x0000000089f00000, 0x0000000089f00000|100%| E|CS|TAMS 0x0000000089e00000, 0x0000000089e00000| Complete 
| 159|0x0000000089f00000, 0x000000008a000000, 0x000000008a000000|100%| E|CS|TAMS 0x0000000089f00000, 0x0000000089f00000| Complete 

Card table byte_map: [0x000001c11b440000,0x000001c11b840000] _byte_map_base: 0x000001c11b040000

Marking Bits (Prev, Next): (CMBitMap*) 0x000001c10858cef0, (CMBitMap*) 0x000001c10858ceb8
 Prev Bits: [0x000001c11dc40000, 0x000001c11fc40000)
 Next Bits: [0x000001c11bc40000, 0x000001c11dc40000)

Polling page: 0x000001c106440000

Metaspace:

Usage:
  Non-class:     77.12 MB capacity,    75.67 MB ( 98%) used,     1.22 MB (  2%) free+waste,   232.19 KB ( <1%) overhead. 
      Class:     11.88 MB capacity,    11.12 MB ( 94%) used,   668.10 KB (  5%) free+waste,   107.25 KB ( <1%) overhead. 
       Both:     89.00 MB capacity,    86.79 MB ( 98%) used,     1.87 MB (  2%) free+waste,   339.44 KB ( <1%) overhead. 

Virtual space:
  Non-class space:       78.00 MB reserved,      77.25 MB (>99%) committed 
      Class space:        1.00 GB reserved,      12.00 MB (  1%) committed 
             Both:        1.08 GB reserved,      89.25 MB (  8%) committed 

Chunk freelists:
   Non-Class:  6.00 KB
       Class:  28.00 KB
        Both:  34.00 KB

MaxMetaspaceSize: 17179869184.00 GB
CompressedClassSpaceSize: 1.00 GB

CodeHeap 'non-profiled nmethods': size=120064Kb used=6351Kb max_used=6351Kb free=113712Kb
 bounds [0x000001c113b00000, 0x000001c114140000, 0x000001c11b040000]
CodeHeap 'profiled nmethods': size=120000Kb used=20296Kb max_used=20296Kb free=99703Kb
 bounds [0x000001c10c5d0000, 0x000001c10d9b0000, 0x000001c113b00000]
CodeHeap 'non-nmethods': size=5696Kb used=2285Kb max_used=2329Kb free=3410Kb
 bounds [0x000001c10c040000, 0x000001c10c2b0000, 0x000001c10c5d0000]
 total_blobs=10337 nmethods=9445 adapters=803
 compilation: enabled
              stopped_count=0, restarted_count=0
 full_count=0

Compilation events (20 events):
Event: 17.454 Thread 0x000001c12543d800 nmethod 9416 0x000001c11412fe90 code [0x000001c114130080, 0x000001c114130878]
Event: 17.454 Thread 0x000001c12543d800 9465       4       java.lang.ref.SoftReference::<init> (13 bytes)
Event: 17.456 Thread 0x000001c12543d800 nmethod 9465 0x000001c114130e90 code [0x000001c114131020, 0x000001c114131218]
Event: 17.456 Thread 0x000001c12543d800 9476       4       java.io.OutputStream::<init> (5 bytes)
Event: 17.456 Thread 0x000001c12543d800 nmethod 9476 0x000001c114131290 code [0x000001c114131420, 0x000001c114131478]
Event: 17.456 Thread 0x000001c12543d800 9317       4       java.util.stream.Sink$ChainedReference::end (10 bytes)
Event: 17.457 Thread 0x000001c12543d800 nmethod 9317 0x000001c114131510 code [0x000001c1141316a0, 0x000001c114131738]
Event: 17.457 Thread 0x000001c12543d800 9456       4       java.lang.invoke.MethodHandles$Lookup::lookupModes (8 bytes)
Event: 17.457 Thread 0x000001c12543d800 nmethod 9456 0x000001c114131810 code [0x000001c1141319a0, 0x000001c114131a18]
Event: 17.466 Thread 0x000001c122154000 9486       1       org.gradle.tooling.internal.gradle.DefaultProjectIdentifier::getBuildIdentifier (5 bytes)
Event: 17.466 Thread 0x000001c122154000 nmethod 9486 0x000001c114131a90 code [0x000001c114131c40, 0x000001c114131cf8]
Event: 17.466 Thread 0x000001c12543d800 9487       4       java.lang.String::regionMatches (150 bytes)
Event: 17.466 Thread 0x000001c122154000 9488       3       org.gradle.tooling.internal.adapter.ProtocolToModelAdapter::access$200 (4 bytes)
Event: 17.467 Thread 0x000001c122154000 nmethod 9488 0x000001c10d991490 code [0x000001c10d991640, 0x000001c10d991738]
Event: 17.467 Thread 0x000001c122154000 9489       3       org.gradle.tooling.internal.adapter.ProtocolToModelAdapter$TypeSpecificMappingAction::restrictTo (19 bytes)
Event: 17.467 Thread 0x000001c122154000 nmethod 9489 0x000001c10d991810 code [0x000001c10d9919e0, 0x000001c10d991c68]
Event: 17.467 Thread 0x000001c122154000 9490       3       org.gradle.tooling.internal.adapter.ProtocolToModelAdapter$InvocationHandlerImpl::invoke (176 bytes)
Event: 17.470 Thread 0x000001c122154000 nmethod 9490 0x000001c10d991d90 code [0x000001c10d992400, 0x000001c10d995c48]
Event: 17.470 Thread 0x000001c122154000 9491       3       org.gradle.tooling.internal.adapter.ProtocolToModelAdapter::access$1300 (4 bytes)
Event: 17.470 Thread 0x000001c122154000 nmethod 9491 0x000001c10d997010 code [0x000001c10d9971c0, 0x000001c10d9972b8]

GC Heap History (20 events):
Event: 8.293 GC heap before
{Heap before GC invocations=10 (full 0):
 garbage-first heap   total 163840K, used 125245K [0x0000000080000000, 0x0000000100000000)
  region size 1024K, 76 young (77824K), 8 survivors (8192K)
 Metaspace       used 51527K, capacity 52954K, committed 53248K, reserved 1095680K
  class space    used 6581K, capacity 7107K, committed 7168K, reserved 1048576K
}
Event: 8.307 GC heap after
{Heap after GC invocations=11 (full 0):
 garbage-first heap   total 163840K, used 59923K [0x0000000080000000, 0x0000000100000000)
  region size 1024K, 8 young (8192K), 8 survivors (8192K)
 Metaspace       used 51527K, capacity 52954K, committed 53248K, reserved 1095680K
  class space    used 6581K, capacity 7107K, committed 7168K, reserved 1048576K
}
Event: 10.108 GC heap before
{Heap before GC invocations=11 (full 0):
 garbage-first heap   total 163840K, used 126483K [0x0000000080000000, 0x0000000100000000)
  region size 1024K, 74 young (75776K), 8 survivors (8192K)
 Metaspace       used 55160K, capacity 56862K, committed 57088K, reserved 1099776K
  class space    used 7073K, capacity 7657K, committed 7680K, reserved 1048576K
}
Event: 10.116 GC heap after
{Heap after GC invocations=12 (full 0):
 garbage-first heap   total 163840K, used 62967K [0x0000000080000000, 0x0000000100000000)
  region size 1024K, 8 young (8192K), 8 survivors (8192K)
 Metaspace       used 55160K, capacity 56862K, committed 57088K, reserved 1099776K
  class space    used 7073K, capacity 7657K, committed 7680K, reserved 1048576K
}
Event: 11.190 GC heap before
{Heap before GC invocations=12 (full 0):
 garbage-first heap   total 163840K, used 124407K [0x0000000080000000, 0x0000000100000000)
  region size 1024K, 62 young (63488K), 8 survivors (8192K)
 Metaspace       used 58290K, capacity 60074K, committed 60160K, reserved 1101824K
  class space    used 7472K, capacity 8059K, committed 8064K, reserved 1048576K
}
Event: 11.205 GC heap after
{Heap after GC invocations=13 (full 0):
 garbage-first heap   total 163840K, used 78458K [0x0000000080000000, 0x0000000100000000)
  region size 1024K, 10 young (10240K), 10 survivors (10240K)
 Metaspace       used 58290K, capacity 60074K, committed 60160K, reserved 1101824K
  class space    used 7472K, capacity 8059K, committed 8064K, reserved 1048576K
}
Event: 12.246 GC heap before
{Heap before GC invocations=14 (full 0):
 garbage-first heap   total 163840K, used 131706K [0x0000000080000000, 0x0000000100000000)
  region size 1024K, 62 young (63488K), 10 survivors (10240K)
 Metaspace       used 66352K, capacity 68247K, committed 68352K, reserved 1107968K
  class space    used 8448K, capacity 9118K, committed 9216K, reserved 1048576K
}
Event: 12.256 GC heap after
{Heap after GC invocations=15 (full 0):
 garbage-first heap   total 163840K, used 81726K [0x0000000080000000, 0x0000000100000000)
  region size 1024K, 3 young (3072K), 3 survivors (3072K)
 Metaspace       used 66352K, capacity 68247K, committed 68352K, reserved 1107968K
  class space    used 8448K, capacity 9118K, committed 9216K, reserved 1048576K
}
Event: 12.848 GC heap before
{Heap before GC invocations=16 (full 0):
 garbage-first heap   total 163840K, used 125758K [0x0000000080000000, 0x0000000100000000)
  region size 1024K, 48 young (49152K), 3 survivors (3072K)
 Metaspace       used 70828K, capacity 72669K, committed 72960K, reserved 1112064K
  class space    used 8991K, capacity 9646K, committed 9728K, reserved 1048576K
}
Event: 12.856 GC heap after
{Heap after GC invocations=17 (full 0):
 garbage-first heap   total 163840K, used 85495K [0x0000000080000000, 0x0000000100000000)
  region size 1024K, 7 young (7168K), 7 survivors (7168K)
 Metaspace       used 70828K, capacity 72669K, committed 72960K, reserved 1112064K
  class space    used 8991K, capacity 9646K, committed 9728K, reserved 1048576K
}
Event: 13.585 GC heap before
{Heap before GC invocations=18 (full 0):
 garbage-first heap   total 163840K, used 134647K [0x0000000080000000, 0x0000000100000000)
  region size 1024K, 55 young (56320K), 7 survivors (7168K)
 Metaspace       used 74346K, capacity 76347K, committed 76544K, reserved 1116160K
  class space    used 9424K, capacity 10118K, committed 10240K, reserved 1048576K
}
Event: 13.597 GC heap after
{Heap after GC invocations=19 (full 0):
 garbage-first heap   total 163840K, used 88502K [0x0000000080000000, 0x0000000100000000)
  region size 1024K, 4 young (4096K), 4 survivors (4096K)
 Metaspace       used 74346K, capacity 76347K, committed 76544K, reserved 1116160K
  class space    used 9424K, capacity 10118K, committed 10240K, reserved 1048576K
}
Event: 14.067 GC heap before
{Heap before GC invocations=19 (full 0):
 garbage-first heap   total 163840K, used 135606K [0x0000000080000000, 0x0000000100000000)
  region size 1024K, 50 young (51200K), 4 survivors (4096K)
 Metaspace       used 77140K, capacity 79137K, committed 79488K, reserved 1118208K
  class space    used 9806K, capacity 10515K, committed 10624K, reserved 1048576K
}
Event: 14.073 GC heap after
{Heap after GC invocations=20 (full 0):
 garbage-first heap   total 163840K, used 91204K [0x0000000080000000, 0x0000000100000000)
  region size 1024K, 7 young (7168K), 7 survivors (7168K)
 Metaspace       used 77140K, capacity 79137K, committed 79488K, reserved 1118208K
  class space    used 9806K, capacity 10515K, committed 10624K, reserved 1048576K
}
Event: 14.710 GC heap before
{Heap before GC invocations=21 (full 0):
 garbage-first heap   total 163840K, used 136260K [0x0000000080000000, 0x0000000100000000)
  region size 1024K, 51 young (52224K), 7 survivors (7168K)
 Metaspace       used 81740K, capacity 83940K, committed 84096K, reserved 1122304K
  class space    used 10538K, capacity 11298K, committed 11392K, reserved 1048576K
}
Event: 14.720 GC heap after
{Heap after GC invocations=22 (full 0):
 garbage-first heap   total 163840K, used 93852K [0x0000000080000000, 0x0000000100000000)
  region size 1024K, 6 young (6144K), 6 survivors (6144K)
 Metaspace       used 81740K, capacity 83940K, committed 84096K, reserved 1122304K
  class space    used 10538K, capacity 11298K, committed 11392K, reserved 1048576K
}
Event: 15.786 GC heap before
{Heap before GC invocations=22 (full 0):
 garbage-first heap   total 163840K, used 136860K [0x0000000080000000, 0x0000000100000000)
  region size 1024K, 49 young (50176K), 6 survivors (6144K)
 Metaspace       used 85281K, capacity 87485K, committed 87808K, reserved 1126400K
  class space    used 10925K, capacity 11678K, committed 11776K, reserved 1048576K
}
Event: 15.796 GC heap after
{Heap after GC invocations=23 (full 0):
 garbage-first heap   total 163840K, used 98245K [0x0000000080000000, 0x0000000100000000)
  region size 1024K, 7 young (7168K), 7 survivors (7168K)
 Metaspace       used 85281K, capacity 87485K, committed 87808K, reserved 1126400K
  class space    used 10925K, capacity 11678K, committed 11776K, reserved 1048576K
}
Event: 17.225 GC heap before
{Heap before GC invocations=24 (full 0):
 garbage-first heap   total 163840K, used 137157K [0x0000000080000000, 0x0000000100000000)
  region size 1024K, 45 young (46080K), 7 survivors (7168K)
 Metaspace       used 87311K, capacity 89591K, committed 89856K, reserved 1126400K
  class space    used 11184K, capacity 11991K, committed 12032K, reserved 1048576K
}
Event: 17.234 GC heap after
{Heap after GC invocations=25 (full 0):
 garbage-first heap   total 163840K, used 101310K [0x0000000080000000, 0x0000000100000000)
  region size 1024K, 4 young (4096K), 4 survivors (4096K)
 Metaspace       used 87311K, capacity 89591K, committed 89856K, reserved 1126400K
  class space    used 11184K, capacity 11991K, committed 12032K, reserved 1048576K
}

Deoptimization events (20 events):
Event: 17.275 Thread 0x000001c12647d800 Uncommon trap: trap_request=0xffffffc6 fr.pc=0x000001c113d5e500 relative=0x00000000000004a0
Event: 17.275 Thread 0x000001c12647d800 Uncommon trap: reason=bimorphic_or_optimized_type_check action=maybe_recompile pc=0x000001c113d5e500 method=java.util.HashMap$TreeNode.find(ILjava/lang/Object;Ljava/lang/Class;)Ljava/util/HashMap$TreeNode; @ 68 c2
Event: 17.275 Thread 0x000001c12647d800 DEOPT PACKING pc=0x000001c113d5e500 sp=0x00000023490f5e40
Event: 17.275 Thread 0x000001c12647d800 DEOPT UNPACKING pc=0x000001c10c0678af sp=0x00000023490f5dd0 mode 2
Event: 17.275 Thread 0x000001c12647d800 Uncommon trap: trap_request=0xffffffc6 fr.pc=0x000001c113f423bc relative=0x00000000000006bc
Event: 17.275 Thread 0x000001c12647d800 Uncommon trap: reason=bimorphic_or_optimized_type_check action=maybe_recompile pc=0x000001c113f423bc method=java.util.HashMap$TreeNode.find(ILjava/lang/Object;Ljava/lang/Class;)Ljava/util/HashMap$TreeNode; @ 68 c2
Event: 17.275 Thread 0x000001c12647d800 DEOPT PACKING pc=0x000001c113f423bc sp=0x00000023490f60e0
Event: 17.275 Thread 0x000001c12647d800 DEOPT UNPACKING pc=0x000001c10c0678af sp=0x00000023490f5f48 mode 2
Event: 17.288 Thread 0x000001c12647d800 Uncommon trap: trap_request=0xffffff4d fr.pc=0x000001c113da21a8 relative=0x00000000000000c8
Event: 17.288 Thread 0x000001c12647d800 Uncommon trap: reason=unstable_if action=reinterpret pc=0x000001c113da21a8 method=java.io.WinNTFileSystem.normalize(Ljava/lang/String;)Ljava/lang/String; @ 74 c2
Event: 17.288 Thread 0x000001c12647d800 DEOPT PACKING pc=0x000001c113da21a8 sp=0x00000023490f6330
Event: 17.288 Thread 0x000001c12647d800 DEOPT UNPACKING pc=0x000001c10c0678af sp=0x00000023490f62a8 mode 2
Event: 17.288 Thread 0x000001c12647d800 Uncommon trap: trap_request=0xffffff4d fr.pc=0x000001c113c58ad0 relative=0x0000000000001570
Event: 17.288 Thread 0x000001c12647d800 Uncommon trap: reason=unstable_if action=reinterpret pc=0x000001c113c58ad0 method=java.io.WinNTFileSystem.normalize(Ljava/lang/String;II)Ljava/lang/String; @ 100 c2
Event: 17.288 Thread 0x000001c12647d800 DEOPT PACKING pc=0x000001c113c58ad0 sp=0x00000023490f6200
Event: 17.288 Thread 0x000001c12647d800 DEOPT UNPACKING pc=0x000001c10c0678af sp=0x00000023490f6208 mode 2
Event: 17.392 Thread 0x000001c12647d800 Uncommon trap: trap_request=0xffffff4d fr.pc=0x000001c113b22f80 relative=0x0000000000000060
Event: 17.392 Thread 0x000001c12647d800 Uncommon trap: reason=unstable_if action=reinterpret pc=0x000001c113b22f80 method=java.io.WinNTFileSystem.isSlash(C)Z @ 9 c2
Event: 17.392 Thread 0x000001c12647d800 DEOPT PACKING pc=0x000001c113b22f80 sp=0x00000023490f5d80
Event: 17.392 Thread 0x000001c12647d800 DEOPT UNPACKING pc=0x000001c10c0678af sp=0x00000023490f5d08 mode 2

Classes redefined (0 events):
No events

Internal exceptions (20 events):
Event: 17.191 Thread 0x000001c12647d800 Exception <a 'java/lang/NoSuchMethodError'{0x0000000087eb3848}: 'void java.lang.invoke.DirectMethodHandle$Holder.invokeStatic(java.lang.Object, int, java.lang.Object)'> (0x0000000087eb3848) thrown at [./src/hotspot/share/interpreter/linkResolver.cpp, line 773]
Event: 17.192 Thread 0x000001c12647d800 Exception <a 'java/lang/NoSuchMethodError'{0x0000000087ec0da8}: 'int java.lang.invoke.DirectMethodHandle$Holder.invokeStatic(java.lang.Object, int, int, java.lang.Object)'> (0x0000000087ec0da8) thrown at [./src/hotspot/share/interpreter/linkResolver.cpp, line 773]
Event: 17.199 Thread 0x000001c12647d800 Exception <a 'java/lang/ClassNotFoundException'{0x0000000087d77ca8}: java/util/LinkedHashSetBeanInfo> (0x0000000087d77ca8) thrown at [./src/hotspot/share/classfile/systemDictionary.cpp, line 231]
Event: 17.200 Thread 0x000001c12647d800 Exception <a 'java/lang/ClassNotFoundException'{0x0000000087d819d8}: java/util/HashSetBeanInfo> (0x0000000087d819d8) thrown at [./src/hotspot/share/classfile/systemDictionary.cpp, line 231]
Event: 17.200 Thread 0x000001c12647d800 Exception <a 'java/lang/ClassNotFoundException'{0x0000000087d8bc88}: java/util/AbstractSetBeanInfo> (0x0000000087d8bc88) thrown at [./src/hotspot/share/classfile/systemDictionary.cpp, line 231]
Event: 17.200 Thread 0x000001c12647d800 Exception <a 'java/lang/ClassNotFoundException'{0x0000000087d96298}: java/util/AbstractSetCustomizer> (0x0000000087d96298) thrown at [./src/hotspot/share/classfile/systemDictionary.cpp, line 231]
Event: 17.200 Thread 0x000001c12647d800 Exception <a 'java/lang/ClassNotFoundException'{0x0000000087da4948}: java/util/HashSetCustomizer> (0x0000000087da4948) thrown at [./src/hotspot/share/classfile/systemDictionary.cpp, line 231]
Event: 17.201 Thread 0x000001c12647d800 Exception <a 'java/lang/ClassNotFoundException'{0x0000000087db65e0}: java/util/LinkedHashSetCustomizer> (0x0000000087db65e0) thrown at [./src/hotspot/share/classfile/systemDictionary.cpp, line 231]
Event: 17.209 Thread 0x000001c12647d800 Exception <a 'java/lang/ClassNotFoundException'{0x0000000087c9b580}: com/android/build/gradle/tasks/factory/AndroidUnitTest_DecoratedBeanInfo> (0x0000000087c9b580) thrown at [./src/hotspot/share/classfile/systemDictionary.cpp, line 231]
Event: 17.209 Thread 0x000001c12647d800 Exception <a 'java/lang/ClassNotFoundException'{0x0000000087cb5580}: com/android/build/gradle/tasks/factory/AndroidUnitTestBeanInfo> (0x0000000087cb5580) thrown at [./src/hotspot/share/classfile/systemDictionary.cpp, line 231]
Event: 17.210 Thread 0x000001c12647d800 Exception <a 'java/lang/ClassNotFoundException'{0x0000000087cd3cf8}: org/gradle/api/tasks/testing/TestBeanInfo> (0x0000000087cd3cf8) thrown at [./src/hotspot/share/classfile/systemDictionary.cpp, line 231]
Event: 17.210 Thread 0x000001c12647d800 Exception <a 'java/lang/ClassNotFoundException'{0x0000000087cf5eb0}: org/gradle/api/tasks/testing/AbstractTestTaskBeanInfo> (0x0000000087cf5eb0) thrown at [./src/hotspot/share/classfile/systemDictionary.cpp, line 231]
Event: 17.212 Thread 0x000001c12647d800 Exception <a 'java/lang/ClassNotFoundException'{0x0000000087b18950}: org/gradle/api/tasks/testing/AbstractTestTaskCustomizer> (0x0000000087b18950) thrown at [./src/hotspot/share/classfile/systemDictionary.cpp, line 231]
Event: 17.214 Thread 0x000001c12647d800 Exception <a 'java/lang/ClassNotFoundException'{0x0000000087b564b8}: org/gradle/api/tasks/testing/TestCustomizer> (0x0000000087b564b8) thrown at [./src/hotspot/share/classfile/systemDictionary.cpp, line 231]
Event: 17.220 Thread 0x000001c12647d800 Exception <a 'java/lang/ClassNotFoundException'{0x0000000087a15780}: com/android/build/gradle/tasks/factory/AndroidUnitTestCustomizer> (0x0000000087a15780) thrown at [./src/hotspot/share/classfile/systemDictionary.cpp, line 231]
Event: 17.221 Thread 0x000001c12647d800 Exception <a 'java/lang/ClassNotFoundException'{0x0000000087a4c528}: com/android/build/gradle/tasks/factory/AndroidUnitTest_DecoratedCustomizer> (0x0000000087a4c528) thrown at [./src/hotspot/share/classfile/systemDictionary.cpp, line 231]
Event: 17.411 Thread 0x000001c12647d800 Exception <a 'java/lang/ClassNotFoundException'{0x0000000089348dd0}: org/gradle/api/internal/tasks/DefaultSourceSetContainer_DecoratedBeanInfo> (0x0000000089348dd0) thrown at [./src/hotspot/share/classfile/systemDictionary.cpp, line 231]
Event: 17.411 Thread 0x000001c12647d800 Exception <a 'java/lang/ClassNotFoundException'{0x000000008936be10}: org/gradle/api/internal/tasks/DefaultSourceSetContainerBeanInfo> (0x000000008936be10) thrown at [./src/hotspot/share/classfile/systemDictionary.cpp, line 231]
Event: 17.411 Thread 0x000001c12647d800 Exception <a 'java/lang/ClassNotFoundException'{0x000000008938f120}: org/gradle/api/internal/tasks/DefaultSourceSetContainerCustomizer> (0x000000008938f120) thrown at [./src/hotspot/share/classfile/systemDictionary.cpp, line 231]
Event: 17.412 Thread 0x000001c12647d800 Exception <a 'java/lang/ClassNotFoundException'{0x00000000893c0ed8}: org/gradle/api/internal/tasks/DefaultSourceSetContainer_DecoratedCustomizer> (0x00000000893c0ed8) thrown at [./src/hotspot/share/classfile/systemDictionary.cpp, line 231]

Events (20 events):
Event: 17.462 loading class org/gradle/kotlin/dsl/tooling/builders/KotlinBuildScriptModelBuilderKt
Event: 17.462 loading class org/gradle/kotlin/dsl/tooling/builders/KotlinBuildScriptModelBuilderKt done
Event: 17.466 loading class org/gradle/tooling/model/kotlin/dsl/KotlinDslScriptModel
Event: 17.466 loading class org/gradle/tooling/model/kotlin/dsl/KotlinDslScriptModel done
Event: 17.466 loading class org/gradle/tooling/model/kotlin/dsl/EditorReport
Event: 17.466 loading class org/gradle/tooling/model/kotlin/dsl/EditorReport done
Event: 17.466 loading class org/gradle/tooling/model/kotlin/dsl/EditorPosition
Event: 17.466 loading class org/gradle/tooling/model/kotlin/dsl/EditorPosition done
Event: 17.466 loading class org/gradle/tooling/model/kotlin/dsl/EditorReportSeverity
Event: 17.466 loading class org/gradle/tooling/model/kotlin/dsl/EditorReportSeverity done
Event: 17.467 loading class kotlin/Result
Event: 17.467 loading class kotlin/Result done
Event: 17.468 loading class kotlin/Result$Companion
Event: 17.468 loading class kotlin/Result$Companion done
Event: 17.468 loading class kotlin/Result$Failure
Event: 17.468 loading class kotlin/Result$Failure done
Event: 17.468 loading class com/android/tools/idea/gradle/project/sync/AndroidExtraModelProviderWorker
Event: 17.468 loading class com/android/tools/idea/gradle/project/sync/AndroidExtraModelProviderWorker done
Event: 17.472 loading class com/android/tools/idea/gradle/project/sync/AndroidSyncException
Event: 17.472 loading class com/android/tools/idea/gradle/project/sync/AndroidSyncException done


Dynamic libraries:
0x00007ff7d81d0000 - 0x00007ff7d81da000 	C:\Program Files\Android\Android Studio\jre\bin\java.exe
0x00007ffc2ae30000 - 0x00007ffc2b025000 	C:\WINDOWS\SYSTEM32\ntdll.dll
0x00007ffc28e80000 - 0x00007ffc28f3e000 	C:\WINDOWS\System32\KERNEL32.DLL
0x00007ffc28b00000 - 0x00007ffc28dc8000 	C:\WINDOWS\System32\KERNELBASE.dll
0x00007ffc28830000 - 0x00007ffc28930000 	C:\WINDOWS\System32\ucrtbase.dll
0x00007ffc19460000 - 0x00007ffc19479000 	C:\Program Files\Android\Android Studio\jre\bin\jli.dll
0x00007ffc2a500000 - 0x00007ffc2a6a1000 	C:\WINDOWS\System32\USER32.dll
0x00007ffc18e70000 - 0x00007ffc18e87000 	C:\Program Files\Android\Android Studio\jre\bin\VCRUNTIME140.dll
0x00007ffc286a0000 - 0x00007ffc286c2000 	C:\WINDOWS\System32\win32u.dll
0x00007ffc082b0000 - 0x00007ffc0854a000 	C:\WINDOWS\WinSxS\amd64_microsoft.windows.common-controls_6595b64144ccf1df_6.0.19041.1110_none_60b5254171f9507e\COMCTL32.dll
0x00007ffc29c20000 - 0x00007ffc29c4b000 	C:\WINDOWS\System32\GDI32.dll
0x00007ffc289c0000 - 0x00007ffc28acb000 	C:\WINDOWS\System32\gdi32full.dll
0x00007ffc2a1a0000 - 0x00007ffc2a23e000 	C:\WINDOWS\System32\msvcrt.dll
0x00007ffc28600000 - 0x00007ffc2869d000 	C:\WINDOWS\System32\msvcp_win.dll
0x00007ffc29e90000 - 0x00007ffc29ec0000 	C:\WINDOWS\System32\IMM32.DLL
0x00007ffc18600000 - 0x00007ffc1869d000 	C:\Program Files\Android\Android Studio\jre\bin\msvcp140.dll
0x00007ffbba9c0000 - 0x00007ffbbb48f000 	C:\Program Files\Android\Android Studio\jre\bin\server\jvm.dll
0x00007ffc29500000 - 0x00007ffc295ac000 	C:\WINDOWS\System32\ADVAPI32.dll
0x00007ffc29460000 - 0x00007ffc294fb000 	C:\WINDOWS\System32\sechost.dll
0x00007ffc29d60000 - 0x00007ffc29e8a000 	C:\WINDOWS\System32\RPCRT4.dll
0x00007ffc29c10000 - 0x00007ffc29c18000 	C:\WINDOWS\System32\PSAPI.DLL
0x00007ffc17970000 - 0x00007ffc17997000 	C:\WINDOWS\SYSTEM32\WINMM.dll
0x00007ffc200d0000 - 0x00007ffc200da000 	C:\WINDOWS\SYSTEM32\VERSION.dll
0x00007ffc017b0000 - 0x00007ffc017b9000 	C:\WINDOWS\SYSTEM32\WSOCK32.dll
0x00007ffc29ec0000 - 0x00007ffc29f2b000 	C:\WINDOWS\System32\WS2_32.dll
0x00007ffc26e20000 - 0x00007ffc26e32000 	C:\WINDOWS\SYSTEM32\kernel.appcore.dll
0x00007ffc18dc0000 - 0x00007ffc18dd1000 	C:\Program Files\Android\Android Studio\jre\bin\verify.dll
0x00007ffc26300000 - 0x00007ffc264e4000 	C:\WINDOWS\SYSTEM32\DBGHELP.DLL
0x00007ffc165d0000 - 0x00007ffc165fc000 	C:\WINDOWS\SYSTEM32\dbgcore.DLL
0x00007ffc28930000 - 0x00007ffc289b3000 	C:\WINDOWS\System32\bcryptPrimitives.dll
0x00007ffc183d0000 - 0x00007ffc183f9000 	C:\Program Files\Android\Android Studio\jre\bin\java.dll
0x00007ffc19450000 - 0x00007ffc1945b000 	C:\Program Files\Android\Android Studio\jre\bin\jimage.dll
0x00007ffc183b0000 - 0x00007ffc183c8000 	C:\Program Files\Android\Android Studio\jre\bin\zip.dll
0x00007ffc2a6b0000 - 0x00007ffc2adef000 	C:\WINDOWS\System32\SHELL32.dll
0x00007ffc26510000 - 0x00007ffc26ca0000 	C:\WINDOWS\SYSTEM32\windows.storage.dll
0x00007ffc29100000 - 0x00007ffc29455000 	C:\WINDOWS\System32\combase.dll
0x00007ffc27fa0000 - 0x00007ffc27fce000 	C:\WINDOWS\SYSTEM32\Wldp.dll
0x00007ffc29a30000 - 0x00007ffc29add000 	C:\WINDOWS\System32\SHCORE.dll
0x00007ffc29f50000 - 0x00007ffc29fa5000 	C:\WINDOWS\System32\shlwapi.dll
0x00007ffc28490000 - 0x00007ffc284af000 	C:\WINDOWS\SYSTEM32\profapi.dll
0x00007ffc18390000 - 0x00007ffc183aa000 	C:\Program Files\Android\Android Studio\jre\bin\net.dll
0x00007ffc1ee60000 - 0x00007ffc1ef6c000 	C:\WINDOWS\SYSTEM32\WINHTTP.dll
0x00007ffc27cb0000 - 0x00007ffc27d1a000 	C:\WINDOWS\system32\mswsock.dll
0x00007ffc18370000 - 0x00007ffc18384000 	C:\Program Files\Android\Android Studio\jre\bin\nio.dll
0x00007ffc1cda0000 - 0x00007ffc1cdc7000 	C:\Program Files\Android\Android Studio\jre\native\8bec1ad78214c89d9ad589b4d07fe93259594b29d510b10fafb7a158f7737e5d\windows-amd64\native-platform.dll
0x00007ffc186a0000 - 0x00007ffc187dd000 	C:\Program Files\Android\Android Studio\jre\native\53dbd7edfb1c66fb8903c78663c9afc45aea4f116125fa6feffd364cf09443e8\windows-amd64\native-platform-file-events.dll
0x00007ffc18ca0000 - 0x00007ffc18caa000 	C:\Program Files\Android\Android Studio\jre\bin\management.dll
0x00007ffc18360000 - 0x00007ffc1836c000 	C:\Program Files\Android\Android Studio\jre\bin\management_ext.dll
0x00007ffc27ef0000 - 0x00007ffc27f08000 	C:\WINDOWS\SYSTEM32\CRYPTSP.dll
0x00007ffc275b0000 - 0x00007ffc275e4000 	C:\WINDOWS\system32\rsaenh.dll
0x00007ffc28ad0000 - 0x00007ffc28af7000 	C:\WINDOWS\System32\bcrypt.dll
0x00007ffc28410000 - 0x00007ffc2843e000 	C:\WINDOWS\SYSTEM32\USERENV.dll
0x00007ffc27f10000 - 0x00007ffc27f1c000 	C:\WINDOWS\SYSTEM32\CRYPTBASE.dll
0x00007ffc27920000 - 0x00007ffc2795b000 	C:\WINDOWS\SYSTEM32\IPHLPAPI.DLL
0x00007ffc29c00000 - 0x00007ffc29c08000 	C:\WINDOWS\System32\NSI.dll
0x00007ffc20580000 - 0x00007ffc20597000 	C:\WINDOWS\SYSTEM32\dhcpcsvc6.DLL
0x00007ffc20560000 - 0x00007ffc2057d000 	C:\WINDOWS\SYSTEM32\dhcpcsvc.DLL
0x00007ffc279c0000 - 0x00007ffc27a8b000 	C:\WINDOWS\SYSTEM32\DNSAPI.dll

dbghelp: loaded successfully - version: 4.0.5 - missing functions: none
symbol engine: initialized successfully - sym options: 0x614 - pdb path: .;C:\Program Files\Android\Android Studio\jre\bin;C:\WINDOWS\SYSTEM32;C:\WINDOWS\WinSxS\amd64_microsoft.windows.common-controls_6595b64144ccf1df_6.0.19041.1110_none_60b5254171f9507e;C:\Program Files\Android\Android Studio\jre\bin\server;C:\Program Files\Android\Android Studio\jre\native\8bec1ad78214c89d9ad589b4d07fe93259594b29d510b10fafb7a158f7737e5d\windows-amd64;C:\Program Files\Android\Android Studio\jre\native\53dbd7edfb1c66fb8903c78663c9afc45aea4f116125fa6feffd364cf09443e8\windows-amd64

VM Arguments:
jvm_args: --add-opens=java.base/java.util=ALL-UNNAMED --add-opens=java.base/java.lang=ALL-UNNAMED --add-opens=java.base/java.lang.invoke=ALL-UNNAMED --add-opens=java.base/java.util=ALL-UNNAMED --add-opens=java.prefs/java.util.prefs=ALL-UNNAMED --add-opens=java.prefs/java.util.prefs=ALL-UNNAMED --add-opens=java.base/java.nio.charset=ALL-UNNAMED --add-opens=java.base/java.net=ALL-UNNAMED --add-opens=java.base/java.util.concurrent.atomic=ALL-UNNAMED -Xmx2048m -Dfile.encoding=UTF-8 -Duser.country=RU -Duser.language=ru -Duser.variant 
java_command: org.gradle.launcher.daemon.bootstrap.GradleDaemon 7.0.2
java_class_path (initial): C:\Program Files\Android\Android Studio\jre\wrapper\dists\gradle-7.0.2-bin\857tjihv64xamwrf0h14cai3r\gradle-7.0.2\lib\gradle-launcher-7.0.2.jar
Launcher Type: SUN_STANDARD

[Global flags]
     intx CICompilerCount                          = 3                                         {product} {ergonomic}
     uint ConcGCThreads                            = 1                                         {product} {ergonomic}
     uint G1ConcRefinementThreads                  = 4                                         {product} {ergonomic}
   size_t G1HeapRegionSize                         = 1048576                                   {product} {ergonomic}
    uintx GCDrainStackTargetSize                   = 64                                        {product} {ergonomic}
   size_t InitialHeapSize                          = 167772160                                 {product} {ergonomic}
   size_t MarkStackSize                            = 4194304                                   {product} {ergonomic}
   size_t MaxHeapSize                              = 2147483648                                {product} {command line}
   size_t MaxNewSize                               = 1287651328                                {product} {ergonomic}
   size_t MinHeapDeltaBytes                        = 1048576                                   {product} {ergonomic}
    uintx NonNMethodCodeHeapSize                   = 5830732                                {pd product} {ergonomic}
    uintx NonProfiledCodeHeapSize                  = 122913754                              {pd product} {ergonomic}
    uintx ProfiledCodeHeapSize                     = 122913754                              {pd product} {ergonomic}
    uintx ReservedCodeCacheSize                    = 251658240                              {pd product} {ergonomic}
     bool SegmentedCodeCache                       = true                                      {product} {ergonomic}
     bool UseCompressedClassPointers               = true                                 {lp64_product} {ergonomic}
     bool UseCompressedOops                        = true                                 {lp64_product} {ergonomic}
     bool UseG1GC                                  = true                                      {product} {ergonomic}
     bool UseLargePagesIndividualAllocation        = false                                  {pd product} {ergonomic}

Logging:
Log output configuration:
 #0: stdout all=warning uptime,level,tags
 #1: stderr all=off uptime,level,tags

Environment Variables:
PATH=C:\WINDOWS\system32;C:\WINDOWS;C:\WINDOWS\System32\Wbem;C:\WINDOWS\System32\WindowsPowerShell\v1.0\;C:\WINDOWS\System32\OpenSSH\;C:\Program Files\Git\cmd;C:\Program Files (x86)\NVIDIA Corporation\PhysX\Common;C:\Program Files\NVIDIA Corporation\NVIDIA NvDLISR;C:\Program Files\OpenVPN\bin;C:\Users\second\AppData\Local\Microsoft\WindowsApps
USERNAME=second
OS=Windows_NT
PROCESSOR_IDENTIFIER=Intel64 Family 6 Model 158 Stepping 9, GenuineIntel



---------------  S Y S T E M  ---------------

OS: Windows 10 , 64 bit Build 19041 (10.0.19041.1348)
OS uptime: 0 days 6:26 hours

CPU:total 4 (initial active 4) (4 cores per cpu, 1 threads per core) family 6 model 158 stepping 9 microcode 0xb4, cmov, cx8, fxsr, mmx, sse, sse2, sse3, ssse3, sse4.1, sse4.2, popcnt, avx, avx2, aes, clmul, erms, 3dnowpref, lzcnt, tsc, tscinvbit, bmi1, bmi2, adx, fma

Memory: 4k page, system-wide physical 10125M (5208M free)
TotalPageFile size 14989M (AvailPageFile size 4937M)
current process WorkingSet (physical memory assigned to process): 414M, peak: 414M
current process commit charge ("private bytes"): 444M, peak: 445M

vm_info: OpenJDK 64-Bit Server VM (11.0.10+0-b96-7249189) for windows-amd64 JRE (11.0.10+0-b96-7249189), built on Mar 31 2021 21:44:00 by "builder" with MS VC++ 14.0 (VS2015)

END.
